TN:
SF:src/Vault.sol
FN:214,Vault.availableBalanceOf
FN:223,Vault.availableYieldBalance
FN:231,Vault.availableYieldFeeBalance
FN:244,Vault.balanceOf
FN:251,Vault.decimals
FN:256,Vault.totalAssets
FN:261,Vault.totalSupply
FN:270,Vault.exchangeRate
FN:278,Vault.isVaultCollateralized
FN:286,Vault.maxDeposit
FN:294,Vault.maxMint
FN:301,Vault.deposit
FN:320,Vault.depositWithPermit
FN:333,Vault.mint
FN:351,Vault.mintWithPermit
FN:373,Vault.sponsor
FN:387,Vault.sponsorWithPermit
FN:402,Vault.withdraw
FN:416,Vault.redeem
FN:437,Vault.liquidate
FN:473,Vault.targetOf
FN:493,Vault.claimPrize
FN:520,Vault.mintYieldFee
FN:538,Vault.disableAutoClaim
FN:550,Vault.setClaimer
FN:564,Vault.setLiquidationPair
FN:590,Vault.setYieldFeePercentage
FN:603,Vault.setYieldFeeRecipient
FN:618,Vault.yieldFeeRecipient
FN:627,Vault.yieldFeePercentage
FN:636,Vault.yieldFeeTotalSupply
FN:644,Vault.twabController
FN:652,Vault.yieldVault
FN:660,Vault.liquidationPair
FN:668,Vault.prizePool
FN:676,Vault.claimer
FN:687,Vault._totalAssets
FN:695,Vault._totalSupply
FN:705,Vault._totalShares
FN:716,Vault._availableBalanceOf
FN:736,Vault._availableYieldBalance
FN:751,Vault._availableYieldFeeBalance
FN:759,Vault._increaseYieldFeeBalance
FN:766,Vault._convertToShares
FN:792,Vault._convertToAssets
FN:818,Vault._deposit
FN:864,Vault._beforeMint
FN:875,Vault._sponsor
FN:892,Vault._withdraw
FN:930,Vault._permit
FN:950,Vault._mint
FN:963,Vault._burn
FN:977,Vault._transfer
FN:992,Vault._exchangeRate
FN:1027,Vault._isVaultCollateralized
FN:1032,Vault._requireVaultCollateralized
FN:1042,Vault._setClaimer
FN:1051,Vault._setYieldFeePercentage
FN:1060,Vault._setYieldFeeRecipient
FNDA:1581,Vault._totalShares
FNDA:33066,Vault._mint
FNDA:2,Vault.sponsorWithPermit
FNDA:1305,Vault.availableBalanceOf
FNDA:2,Vault.mintYieldFee
FNDA:2,Vault.depositWithPermit
FNDA:276,Vault.setLiquidationPair
FNDA:9,Vault._setYieldFeePercentage
FNDA:1800,Vault.withdraw
FNDA:1581,Vault._availableYieldBalance
FNDA:2058,Vault.totalSupply
FNDA:2,Vault._setClaimer
FNDA:2,Vault.twabController
FNDA:3,Vault.setClaimer
FNDA:6,Vault.availableYieldFeeBalance
FNDA:1538,Vault.mint
FNDA:256,Vault.maxMint
FNDA:256,Vault.maxDeposit
FNDA:9,Vault.sponsor
FNDA:32802,Vault._deposit
FNDA:2,Vault.prizePool
FNDA:3,Vault.disableAutoClaim
FNDA:270,Vault._requireVaultCollateralized
FNDA:6,Vault._permit
FNDA:10,Vault.setYieldFeePercentage
FNDA:3084,Vault._burn
FNDA:5,Vault._increaseYieldFeeBalance
FNDA:1,Vault.decimals
FNDA:2,Vault.yieldFeePercentage
FNDA:33588,Vault._isVaultCollateralized
FNDA:3628,Vault.balanceOf
FNDA:31249,Vault.deposit
FNDA:268,Vault.liquidate
FNDA:145126,Vault._exchangeRate
FNDA:6,Vault.availableYieldBalance
FNDA:1570,Vault._availableYieldFeeBalance
FNDA:2,Vault.liquidationPair
FNDA:2,Vault.mintWithPermit
FNDA:2,Vault.yieldFeeRecipient
FNDA:2,Vault.yieldVault
FNDA:298096,Vault._convertToAssets
FNDA:33955,Vault._convertToShares
FNDA:4,Vault.isVaultCollateralized
FNDA:1,Vault.exchangeRate
FNDA:1540,Vault._beforeMint
FNDA:11,Vault._sponsor
FNDA:3,Vault.setYieldFeeRecipient
FNDA:2,Vault._setYieldFeeRecipient
FNDA:1569,Vault._availableBalanceOf
FNDA:1024,Vault.totalAssets
FNDA:5,Vault.claimPrize
FNDA:1796,Vault.redeem
FNDA:148765,Vault._totalSupply
FNDA:258,Vault._transfer
FNDA:3,Vault.claimer
FNDA:4,Vault.yieldFeeTotalSupply
FNDA:2605,Vault._totalAssets
FNDA:2,Vault.targetOf
FNDA:3299,Vault._withdraw
FNF:59
FNH:59
DA:215,1305
DA:224,1581
DA:232,6
DA:234,6
DA:236,6
DA:237,1
DA:240,5
DA:247,7750
DA:252,1
DA:257,1024
DA:262,2058
DA:271,1
DA:279,4
DA:287,31518
DA:295,1796
DA:302,31262
DA:304,31262
DA:305,31262
DA:307,31262
DA:328,2
DA:329,2
DA:334,1538
DA:336,1538
DA:338,1538
DA:359,2
DA:361,2
DA:362,2
DA:364,2
DA:374,9
DA:395,2
DA:396,2
DA:407,1800
DA:409,1669
DA:410,1669
DA:412,1544
DA:421,1796
DA:423,1630
DA:424,1630
DA:426,1540
DA:444,268
DA:445,268
DA:446,267
DA:447,266
DA:448,265
DA:450,264
DA:451,264
DA:453,263
DA:455,263
DA:456,5
DA:461,263
DA:463,263
DA:464,263
DA:467,263
DA:469,263
DA:474,2
DA:475,1
DA:500,5
DA:502,5
DA:503,4
DA:504,2
DA:506,2
DA:510,3
DA:521,2
DA:522,2
DA:524,1
DA:525,1
DA:527,1
DA:539,3
DA:541,3
DA:542,3
DA:551,2
DA:552,2
DA:554,2
DA:555,2
DA:567,275
DA:569,274
DA:570,274
DA:572,274
DA:573,1
DA:576,274
DA:578,274
DA:580,274
DA:581,274
DA:591,9
DA:592,9
DA:594,8
DA:595,8
DA:604,2
DA:605,2
DA:607,2
DA:608,2
DA:619,2
DA:628,2
DA:637,4
DA:645,2
DA:653,2
DA:661,2
DA:669,2
DA:677,3
DA:688,2605
DA:696,148765
DA:706,1581
DA:717,1569
DA:719,1569
DA:722,1569
DA:740,1581
DA:741,1581
DA:743,1581
DA:752,1570
DA:760,5
DA:770,33955
DA:772,33955
DA:783,7844
DA:784,7844
DA:786,7844
DA:796,290252
DA:797,290252
DA:799,290252
DA:824,32802
DA:825,32802
DA:835,32802
DA:836,26362
DA:839,26362
DA:840,392
DA:844,26362
DA:852,32802
DA:853,32802
DA:855,32802
DA:865,1540
DA:866,1540
DA:876,11
DA:879,11
DA:881,11
DA:884,11
DA:886,11
DA:899,3299
DA:900,1241
DA:909,3084
DA:911,3084
DA:912,3084
DA:914,3084
DA:940,6
DA:951,33066
DA:952,33066
DA:954,33066
DA:964,3084
DA:965,3084
DA:968,3084
DA:978,258
DA:980,258
DA:993,145126
DA:994,145126
DA:995,145126
DA:996,145126
DA:997,145126
DA:998,145126
DA:1000,145126
DA:1001,145126
DA:1002,145126
DA:1003,145126
DA:1004,145126
DA:1008,145126
DA:1009,2397
DA:1012,145126
DA:1015,145126
DA:1016,118319
DA:1019,26807
DA:1028,33588
DA:1029,33588
DA:1033,270
DA:1043,2
DA:1052,9
DA:1053,8
DA:1061,2
LF:174
LH:174
end_of_record
TN:
SF:src/VaultFactory.sol
FN:51,VaultFactory.deployVault
FN:88,VaultFactory.totalVaults
FNDA:1,VaultFactory.totalVaults
FNDA:1,VaultFactory.deployVault
FNF:2
FNH:2
DA:63,1
DA:76,1
DA:77,1
DA:79,1
DA:81,1
DA:89,1
LF:6
LH:6
end_of_record
