TN:
SF:src/Vault.sol
FN:1019,Vault._sponsor
FN:1044,Vault._withdraw
FN:1082,Vault._claimPrize
FN:1133,Vault._permit
FN:1155,Vault._mint
FN:1172,Vault._burn
FN:1187,Vault._transfer
FN:1203,Vault._collateral
FN:1223,Vault._isVaultCollateralized
FN:1228,Vault._requireVaultCollateralized
FN:1238,Vault._setClaimer
FN:1247,Vault._setYieldFeePercentage
FN:1258,Vault._setYieldFeeRecipient
FN:364,Vault.availableYieldBalance
FN:378,Vault.availableYieldFeeBalance
FN:389,Vault.balanceOf
FN:396,Vault.decimals
FN:401,Vault.totalAssets
FN:406,Vault.totalSupply
FN:414,Vault.isVaultCollateralized
FN:422,Vault.maxDeposit
FN:436,Vault.maxMint
FN:452,Vault.mintYieldFee
FN:471,Vault.deposit
FN:493,Vault.depositWithPermit
FN:506,Vault.mint
FN:522,Vault.sponsor
FN:536,Vault.sponsorWithPermit
FN:553,Vault.sweep
FN:567,Vault.withdraw
FN:582,Vault.redeem
FN:598,Vault.liquidatableBalanceOf
FN:608,Vault.liquidate
FN:648,Vault.targetOf
FN:664,Vault.claimPrizes
FN:698,Vault.setClaimer
FN:710,Vault.setHooks
FN:722,Vault.setLiquidationPair
FN:748,Vault.setYieldFeePercentage
FN:761,Vault.setYieldFeeRecipient
FN:776,Vault.yieldFeeRecipient
FN:785,Vault.yieldFeePercentage
FN:794,Vault.yieldFeeShares
FN:802,Vault.twabController
FN:810,Vault.yieldVault
FN:818,Vault.liquidationPair
FN:826,Vault.prizePool
FN:834,Vault.claimer
FN:843,Vault.getHooks
FN:855,Vault._totalAssets
FN:863,Vault._totalSupply
FN:874,Vault._liquidatableBalanceOf
FN:889,Vault._availableYieldFeeBalance
FN:897,Vault._increaseYieldFeeBalance
FN:909,Vault._convertToShares
FN:929,Vault._convertToAssets
FN:962,Vault._deposit
FNDA:16,Vault._sponsor
FNDA:3391,Vault._withdraw
FNDA:3,Vault._claimPrize
FNDA:4,Vault._permit
FNDA:33121,Vault._mint
FNDA:3108,Vault._burn
FNDA:258,Vault._transfer
FNDA:74212,Vault._collateral
FNDA:98111,Vault._isVaultCollateralized
FNDA:33138,Vault._requireVaultCollateralized
FNDA:2,Vault._setClaimer
FNDA:13,Vault._setYieldFeePercentage
FNDA:5,Vault._setYieldFeeRecipient
FNDA:10,Vault.availableYieldBalance
FNDA:9,Vault.availableYieldFeeBalance
FNDA:3671,Vault.balanceOf
FNDA:1,Vault.decimals
FNDA:1024,Vault.totalAssets
FNDA:2342,Vault.totalSupply
FNDA:16,Vault.isVaultCollateralized
FNDA:259,Vault.maxDeposit
FNDA:256,Vault.maxMint
FNDA:5,Vault.mintYieldFee
FNDA:31298,Vault.deposit
FNDA:2,Vault.depositWithPermit
FNDA:1543,Vault.mint
FNDA:14,Vault.sponsor
FNDA:2,Vault.sponsorWithPermit
FNDA:2,Vault.sweep
FNDA:1827,Vault.withdraw
FNDA:1799,Vault.redeem
FNDA:1318,Vault.liquidatableBalanceOf
FNDA:274,Vault.liquidate
FNDA:1,Vault.targetOf
FNDA:5,Vault.claimPrizes
FNDA:3,Vault.setClaimer
FNDA:3,Vault.setHooks
FNDA:281,Vault.setLiquidationPair
FNDA:14,Vault.setYieldFeePercentage
FNDA:6,Vault.setYieldFeeRecipient
FNDA:2,Vault.yieldFeeRecipient
FNDA:2,Vault.yieldFeePercentage
FNDA:7,Vault.yieldFeeShares
FNDA:2,Vault.twabController
FNDA:2,Vault.yieldVault
FNDA:2,Vault.liquidationPair
FNDA:2,Vault.prizePool
FNDA:3,Vault.claimer
FNDA:1,Vault.getHooks
FNDA:2630,Vault._totalAssets
FNDA:250487,Vault._totalSupply
FNDA:1587,Vault._liquidatableBalanceOf
FNDA:1589,Vault._availableYieldFeeBalance
FNDA:9,Vault._increaseYieldFeeBalance
FNDA:34046,Vault._convertToShares
FNDA:40166,Vault._convertToAssets
FNDA:32853,Vault._deposit
FNF:57
FNH:57
DA:365,1606
DA:366,1606
DA:371,1606
DA:379,9
DA:381,9
DA:382,2
DA:385,7
DA:392,72968
DA:397,1
DA:402,1024
DA:407,2342
DA:415,16
DA:423,31576
DA:425,31535
DA:426,31535
DA:427,31535
DA:429,31535
DA:437,33381
DA:439,33335
DA:440,33335
DA:442,33335
DA:453,5
DA:455,4
DA:456,4
DA:457,4
DA:459,4
DA:460,3
DA:462,2
DA:463,2
DA:465,1
DA:472,31316
DA:474,31314
DA:475,3
DA:477,31311
DA:478,31311
DA:480,31310
DA:501,2
DA:502,2
DA:507,1543
DA:509,1542
DA:511,1542
DA:513,1539
DA:523,14
DA:544,2
DA:545,2
DA:554,2
DA:555,2
DA:557,1
DA:559,1
DA:561,1
DA:572,1827
DA:573,116
DA:575,1711
DA:576,1711
DA:578,1567
DA:587,1799
DA:589,1680
DA:590,1680
DA:592,1541
DA:599,1318
DA:615,274
DA:617,273
DA:618,1
DA:620,272
DA:621,1
DA:623,271
DA:624,1
DA:626,270
DA:628,269
DA:629,269
DA:631,269
DA:632,1
DA:634,268
DA:636,268
DA:637,9
DA:642,268
DA:644,267
DA:649,1
DA:671,5
DA:673,3
DA:675,3
DA:676,3
DA:677,3
DA:678,3
DA:688,3
DA:699,2
DA:700,2
DA:702,2
DA:703,2
DA:711,3
DA:713,3
DA:725,280
DA:727,279
DA:728,279
DA:730,279
DA:731,1
DA:734,279
DA:736,279
DA:738,279
DA:739,279
DA:749,13
DA:750,13
DA:752,12
DA:753,12
DA:762,5
DA:763,5
DA:765,5
DA:766,5
DA:777,2
DA:786,2
DA:795,7
DA:803,2
DA:811,2
DA:819,2
DA:827,2
DA:835,3
DA:844,1
DA:856,2630
DA:864,250487
DA:875,1587
DA:877,1587
DA:880,1587
DA:890,1589
DA:898,9
DA:913,34046
DA:914,34046
DA:916,34046
DA:917,7514
DA:920,26532
DA:933,40166
DA:934,40166
DA:936,40166
DA:937,29828
DA:940,10338
DA:968,32853
DA:970,32852
DA:971,32852
DA:981,32852
DA:982,32852
DA:985,32852
DA:986,1
DA:990,32852
DA:998,32852
DA:1000,32852
DA:1002,32852
DA:1003,32852
DA:1005,32852
DA:1006,1
DA:1008,32851
DA:1010,32849
DA:1020,16
DA:1023,16
DA:1025,15
DA:1028,16
DA:1030,16
DA:1051,3391
DA:1053,3385
DA:1054,1303
DA:1063,3108
DA:1065,3108
DA:1066,3108
DA:1068,3108
DA:1089,3
DA:1090,3
DA:1092,3
DA:1093,2
DA:1095,1
DA:1098,3
DA:1107,3
DA:1108,1
DA:1117,3
DA:1143,4
DA:1156,33121
DA:1157,4
DA:1159,33117
DA:1161,33117
DA:1173,3108
DA:1175,3108
DA:1188,258
DA:1190,258
DA:1204,74212
DA:1205,74212
DA:1208,74212
DA:1209,73447
DA:1214,765
DA:1224,98111
DA:1229,33138
DA:1239,2
DA:1248,13
DA:1249,1
DA:1251,12
DA:1259,5
LF:192
LH:192
end_of_record
TN:
SF:src/VaultFactory.sol
FN:55,VaultFactory.deployVault
FN:92,VaultFactory.totalVaults
FNDA:1,VaultFactory.deployVault
FNDA:1,VaultFactory.totalVaults
FNF:2
FNH:2
DA:67,1
DA:80,1
DA:81,1
DA:83,1
DA:85,1
DA:93,1
LF:6
LH:6
end_of_record
